TN:
SF:01-requestcount.js
FNF:0
FNH:0
DA:1,1
DA:2,1
DA:3,1
DA:4,1
DA:5,1
DA:6,1
DA:7,1
DA:8,1
DA:9,1
DA:10,1
DA:11,1
DA:12,1
DA:13,1
DA:14,1
DA:15,12
DA:16,12
DA:17,1
DA:18,1
DA:19,1
DA:20,1
DA:21,10
DA:22,1
DA:23,1
DA:24,1
DA:25,0
DA:26,1
DA:27,1
DA:28,1
DA:29,2
DA:30,1
DA:31,1
DA:32,1
LF:32
LH:31
BRDA:14,0,0,12
BRDA:20,1,0,10
BRDA:28,2,0,2
BRF:3
BRH:3
end_of_record
TN:
SF:02-ratelimitter.js
FNF:0
FNH:0
DA:1,1
DA:2,1
DA:3,1
DA:4,1
DA:5,1
DA:6,1
DA:7,1
DA:8,1
DA:9,1
DA:10,1
DA:11,1
DA:12,1
DA:13,1
DA:14,1
DA:15,1
DA:16,1
DA:17,1
DA:18,2
DA:19,1
DA:20,1
DA:21,13
DA:22,13
DA:23,11
DA:24,11
DA:25,7
DA:26,11
DA:27,4
DA:28,4
DA:29,13
DA:30,2
DA:31,2
DA:32,2
DA:33,13
DA:34,13
DA:35,1
DA:36,6
DA:37,1
DA:38,1
DA:39,1
DA:40,0
DA:41,1
DA:42,1
DA:43,1
LF:43
LH:42
BRDA:17,0,0,2
BRDA:20,1,0,13
BRDA:22,2,0,11
BRDA:24,3,0,7
BRDA:26,4,0,4
BRDA:29,5,0,2
BRDA:35,6,0,6
BRF:7
BRH:7
end_of_record
TN:
SF:03-errorcount.js
FNF:0
FNH:0
DA:1,1
DA:2,1
DA:3,1
DA:4,1
DA:5,1
DA:6,1
DA:7,1
DA:8,1
DA:9,1
DA:10,1
DA:11,1
DA:12,1
DA:13,1
DA:14,1
DA:15,11
DA:16,11
DA:17,11
DA:18,1
DA:19,0
DA:20,0
DA:21,1
DA:22,1
DA:23,1
DA:24,0
DA:25,1
DA:26,1
DA:27,1
DA:28,2
DA:29,1
DA:30,1
DA:31,1
LF:31
LH:28
BRDA:14,0,0,11
BRDA:27,1,0,2
BRF:2
BRH:2
end_of_record
